<?xml version="1.0" encoding="UTF-8"?>
<testng-results ignored="0" total="1" passed="1" failed="0" skipped="0">
  <reporter-output>
  </reporter-output>
  <suite started-at="2022-08-22T14:10:03 IST" name="Default suite" finished-at="2022-08-22T14:10:05 IST" duration-ms="1444">
    <groups>
    </groups>
    <test started-at="2022-08-22T14:10:03 IST" name="Default test" finished-at="2022-08-22T14:10:05 IST" duration-ms="1444">
      <class name="Team_RCB.Team_RCB">
        <test-method signature="RCBparcing()[pri:0, instance:Team_RCB.Team_RCB@696da30b]" started-at="2022-08-22T14:10:03 IST" name="RCBparcing" finished-at="2022-08-22T14:10:05 IST" duration-ms="1413" status="PASS">
          <reporter-output>
          </reporter-output>
        </test-method> <!-- RCBparcing -->
      </class> <!-- Team_RCB.Team_RCB -->
    </test> <!-- Default test -->
  </suite> <!-- Default suite -->
</testng-results>
